<?xml version="1.0" encoding="UTF-8"?>
<testsuite xmlns:xsi="http://www.w3.org/2001/XMLSchema-instance" xsi:noNamespaceSchemaLocation="https://maven.apache.org/surefire/maven-surefire-plugin/xsd/surefire-test-report.xsd" version="3.0.2" name="com.tienda.service.ProductServiceTest" time="0.394" tests="3" errors="0" skipped="0" failures="0" flakes="0">
  <properties>
[...]
</properties>
  <testcase name="testGetProductNotFound" classname="com.tienda.service.ProductServiceTest" time="0.295"/>
  <testcase name="testCreateProduct" classname="com.tienda.service.ProductServiceTest" time="0.038"/>
  <testcase name="testGetProduct" classname="com.tienda.service.ProductServiceTest" time="0.017"/>
</testsuite>